{"level":"INFO","timestamp":"2018-12-13 16:53:41.767","file":"model/init.go:38","msg":"Now start to connect with mysql"}
{"level":"INFO","timestamp":"2018-12-13 16:53:41.769","file":"model/init.go:38","msg":"Now start to connect with mysql"}
{"level":"INFO","timestamp":"2018-12-13 16:53:41.770","file":"demo03/main.go:55","msg":"Start to listening the incoming requests on http address: :8080"}
{"level":"INFO","timestamp":"2018-12-13 16:53:41.772","file":"demo03/main.go:52","msg":"The router has been deployed successfully."}
{"level":"INFO","timestamp":"2018-12-13 16:54:28.498","file":"user/create.go:14","msg":"User Create function is called.","data":{"X-Request-Id":""}}
{"level":"INFO","timestamp":"2018-12-13 17:05:17.610","file":"model/init.go:38","msg":"Now start to connect with mysql"}
{"level":"INFO","timestamp":"2018-12-13 17:05:17.611","file":"model/init.go:38","msg":"Now start to connect with mysql"}
{"level":"INFO","timestamp":"2018-12-13 17:05:17.613","file":"demo03/main.go:55","msg":"Start to listening the incoming requests on http address: :8080"}
{"level":"INFO","timestamp":"2018-12-13 17:05:17.614","file":"demo03/main.go:52","msg":"The router has been deployed successfully."}
{"level":"INFO","timestamp":"2018-12-13 17:05:35.007","file":"user/create.go:14","msg":"User Create function is called.","data":{"X-Request-Id":""}}
{"level":"INFO","timestamp":"2018-12-13 17:07:22.662","file":"model/init.go:38","msg":"Now start to connect with mysql"}
{"level":"INFO","timestamp":"2018-12-13 17:07:22.664","file":"model/init.go:38","msg":"Now start to connect with mysql"}
{"level":"INFO","timestamp":"2018-12-13 17:07:22.665","file":"demo03/main.go:55","msg":"Start to listening the incoming requests on http address: :8080"}
{"level":"INFO","timestamp":"2018-12-13 17:07:22.672","file":"demo03/main.go:52","msg":"The router has been deployed successfully."}
{"level":"INFO","timestamp":"2018-12-13 17:07:33.564","file":"user/create.go:14","msg":"User Create function is called.","data":{"X-Request-Id":""}}
{"level":"INFO","timestamp":"2018-12-13 17:07:33.655","file":"user/create.go:38","msg":"start to create"}
{"level":"INFO","timestamp":"2018-12-13 17:12:49.666","file":"model/init.go:38","msg":"Now start to connect with mysql"}
{"level":"INFO","timestamp":"2018-12-13 17:12:49.667","file":"model/init.go:38","msg":"Now start to connect with mysql"}
{"level":"INFO","timestamp":"2018-12-13 17:12:49.668","file":"demo03/main.go:55","msg":"Start to listening the incoming requests on http address: :8080"}
{"level":"INFO","timestamp":"2018-12-13 17:12:49.669","file":"demo03/main.go:52","msg":"The router has been deployed successfully."}
{"level":"INFO","timestamp":"2018-12-13 17:12:58.870","file":"user/create.go:14","msg":"User Create function is called.","data":{"X-Request-Id":""}}
{"level":"INFO","timestamp":"2018-12-13 17:12:58.960","file":"user/create.go:38","msg":"start to create"}
{"level":"INFO","timestamp":"2018-12-13 17:20:50.276","file":"user/update.go:15","msg":"Update function called","data":{"X-Request-Id":""}}
{"level":"INFO","timestamp":"2018-12-13 17:22:52.407","file":"config/config.go:72","msg":"Config file changed: /Users/northstar/Documents/go/src/restful/demo03/conf/config.yaml"}
{"level":"INFO","timestamp":"2018-12-13 17:23:03.645","file":"model/init.go:38","msg":"Now start to connect with mysql"}
{"level":"INFO","timestamp":"2018-12-13 17:23:03.647","file":"model/init.go:38","msg":"Now start to connect with mysql"}
{"level":"INFO","timestamp":"2018-12-13 17:23:03.648","file":"demo03/main.go:55","msg":"Start to listening the incoming requests on http address: :8080"}
{"level":"INFO","timestamp":"2018-12-13 17:23:03.648","file":"demo03/main.go:69","msg":"Waiting for the router, retry in 1 second."}
{"level":"INFO","timestamp":"2018-12-13 17:23:04.654","file":"demo03/main.go:52","msg":"The router has been deployed successfully."}
{"level":"INFO","timestamp":"2018-12-13 17:23:37.133","file":"user/create.go:14","msg":"User Create function is called.","data":{"X-Request-Id":""}}
{"level":"INFO","timestamp":"2018-12-13 17:23:37.228","file":"user/create.go:38","msg":"start to create"}
{"level":"INFO","timestamp":"2018-12-13 17:25:13.620","file":"config/config.go:72","msg":"Config file changed: /Users/northstar/Documents/go/src/restful/demo03/conf/config.yaml"}
{"level":"INFO","timestamp":"2018-12-13 17:26:01.406","file":"user/create.go:14","msg":"User Create function is called.","data":{"X-Request-Id":""}}
{"level":"INFO","timestamp":"2018-12-13 17:26:01.507","file":"user/create.go:38","msg":"start to create"}
